<?xml version="1.0" encoding="UTF-8"?>
<!-- Generated by org.testng.reporters.JUnitReportReporter -->
<testsuite hostname="LAPTOP-PDPJ901H" failures="0" tests="1" name="Amazon.Automations.AppTest" time="0.002" errors="0" timestamp="2020-05-05T12:38:10 IST" skipped="0">
  <testcase classname="Amazon.Automations.AppTest" name="testApp" time="0.002"/>
  <system-out/>
</testsuite> <!-- Amazon.Automations.AppTest -->
