<?xml version="1.0" encoding="UTF-8"?>
<!-- Generated by org.testng.reporters.JUnitReportReporter -->
<testsuite hostname="LAPTOP-PDPJ901H" failures="0" tests="1" name="Amazon.Automations.AmazonLoginTest" time="10.973" errors="0" timestamp="2020-05-05T19:54:14 IST" skipped="0">
  <testcase classname="Amazon.Automations.AmazonLoginTest" name="amazonLoginPageVerification" time="10.973"/>
  <system-out/>
</testsuite> <!-- Amazon.Automations.AmazonLoginTest -->
