<?xml version="1.0" encoding="UTF-8"?>
<!-- Generated by org.testng.reporters.JUnitReportReporter -->
<testsuite hostname="LAPTOP-PDPJ901H" failures="0" tests="1" name="Amazon.Automations.AmazonLoginTest" time="9.365" errors="0" timestamp="2020-05-05T14:50:58 IST" skipped="0">
  <testcase classname="Amazon.Automations.AmazonLoginTest" name="amazonLoginPageVerification" time="9.365"/>
  <system-out/>
</testsuite> <!-- Amazon.Automations.AmazonLoginTest -->
